2020-08-19 00:07:26,559 [Worker-0: Loading available Gradle versions] INFO  o.e.b.c.i.u.g.PublishedGradleVersions - Gradle version information cache is up-to-date. Trying to read.
2020-08-19 00:11:28,869 [Worker-10: Refreshing workspace] ERROR o.e.m.j.i.l.MavenLaunchConfigurationListener - Launch configuration Juego references non-existing project DemoNave.
org.eclipse.core.runtime.CoreException: Launch configuration Juego references non-existing project DemoNave.
	at org.eclipse.jdt.launching.JavaRuntime.abort(JavaRuntime.java:1838) ~[na:na]
	at org.eclipse.jdt.launching.JavaRuntime.getJavaProject(JavaRuntime.java:1713) ~[na:na]
	at org.eclipse.m2e.jdt.internal.launch.MavenLaunchConfigurationListener.updateLaunchConfiguration(MavenLaunchConfigurationListener.java:53) ~[na:na]
	at org.eclipse.m2e.jdt.internal.launch.MavenLaunchConfigurationListener.launchConfigurationAdded(MavenLaunchConfigurationListener.java:34) ~[na:na]
	at org.eclipse.debug.internal.core.LaunchManager$ConfigurationNotifier.run(LaunchManager.java:219) ~[na:na]
	at org.eclipse.core.runtime.SafeRunner.run(SafeRunner.java:45) ~[org.eclipse.equinox.common_3.10.500.v20190815-1535.jar:na]
	at org.eclipse.debug.internal.core.LaunchManager$ConfigurationNotifier.notify(LaunchManager.java:209) ~[na:na]
	at org.eclipse.debug.internal.core.LaunchManager.launchConfigurationAdded(LaunchManager.java:2120) ~[na:na]
	at org.eclipse.debug.internal.core.LaunchManager$LaunchManagerVisitor.visit(LaunchManager.java:372) ~[na:na]
	at org.eclipse.core.internal.events.ResourceDelta.accept(ResourceDelta.java:67) ~[na:na]
	at org.eclipse.core.internal.events.ResourceDelta.accept(ResourceDelta.java:77) ~[na:na]
	at org.eclipse.core.internal.events.ResourceDelta.accept(ResourceDelta.java:77) ~[na:na]
	at org.eclipse.core.internal.events.ResourceDelta.accept(ResourceDelta.java:77) ~[na:na]
	at org.eclipse.core.internal.events.ResourceDelta.accept(ResourceDelta.java:77) ~[na:na]
	at org.eclipse.core.internal.events.ResourceDelta.accept(ResourceDelta.java:77) ~[na:na]
	at org.eclipse.core.internal.events.ResourceDelta.accept(ResourceDelta.java:77) ~[na:na]
	at org.eclipse.core.internal.events.ResourceDelta.accept(ResourceDelta.java:51) ~[na:na]
	at org.eclipse.debug.internal.core.LaunchManager.resourceChanged(LaunchManager.java:2272) ~[na:na]
	at org.eclipse.core.internal.events.NotificationManager$1.run(NotificationManager.java:305) ~[na:na]
	at org.eclipse.core.runtime.SafeRunner.run(SafeRunner.java:45) ~[org.eclipse.equinox.common_3.10.500.v20190815-1535.jar:na]
	at org.eclipse.core.internal.events.NotificationManager.notify(NotificationManager.java:295) ~[na:na]
	at org.eclipse.core.internal.events.NotificationManager.broadcastChanges(NotificationManager.java:158) ~[na:na]
	at org.eclipse.core.internal.resources.Workspace.broadcastPostChange(Workspace.java:379) ~[na:na]
	at org.eclipse.core.internal.resources.Workspace.endOperation(Workspace.java:1502) ~[na:na]
	at org.eclipse.core.internal.resources.InternalWorkspaceJob.run(InternalWorkspaceJob.java:49) ~[na:na]
	at org.eclipse.core.internal.jobs.Worker.run(Worker.java:63) ~[org.eclipse.core.jobs_3.10.500.v20190620-1426.jar:na]
2020-08-19 00:11:40,374 [Worker-20: Building workspace] INFO  o.e.m.c.i.l.LifecycleMappingFactory - Using org.maven.ide.eclipse.wtp.WarLifecycleMapping lifecycle mapping for MavenProject: com.mercadolibre:MLApi:0.0.1-SNAPSHOT @ C:\Users\Usuario\eclipse-workspace\MLAPI\pom.xml.
2020-08-19 00:11:40,374 [Worker-17: Updating Maven Dependencies] INFO  o.e.m.c.i.l.LifecycleMappingFactory - Using org.maven.ide.eclipse.wtp.WarLifecycleMapping lifecycle mapping for MavenProject: com.mercadolibre:MLApi:0.0.1-SNAPSHOT @ C:\Users\Usuario\eclipse-workspace\MLAPI\pom.xml.
2020-08-19 00:11:48,941 [Worker-20: Building workspace] WARN  o.e.m.c.i.embedder.EclipseLogger - Using platform encoding (Cp1252 actually) to copy filtered resources, i.e. build is platform dependent!
2020-08-19 00:11:49,068 [Worker-20: Building workspace] INFO  o.e.m.c.i.embedder.EclipseLogger - skip non existing resourceDirectory C:\Users\Usuario\eclipse-workspace\MLAPI\src\main\resources
2020-08-19 00:11:49,077 [Worker-20: Building workspace] WARN  o.e.m.c.i.embedder.EclipseLogger - Using platform encoding (Cp1252 actually) to copy filtered resources, i.e. build is platform dependent!
2020-08-19 00:11:49,217 [Worker-20: Building workspace] INFO  o.e.m.c.i.embedder.EclipseLogger - skip non existing resourceDirectory C:\Users\Usuario\eclipse-workspace\MLAPI\src\test\resources
2020-08-19 00:11:56,735 [Worker-18: Updating Maven Dependencies] INFO  o.e.m.c.i.l.LifecycleMappingFactory - Using org.maven.ide.eclipse.wtp.WarLifecycleMapping lifecycle mapping for MavenProject: com.mercadolibre:MLApi:0.0.1-SNAPSHOT @ C:\Users\Usuario\eclipse-workspace\MLAPI\pom.xml.
2020-08-19 00:11:56,743 [Worker-20: Building workspace] WARN  o.e.m.c.i.embedder.EclipseLogger - Using platform encoding (Cp1252 actually) to copy filtered resources, i.e. build is platform dependent!
2020-08-19 00:11:56,754 [Worker-20: Building workspace] INFO  o.e.m.c.i.embedder.EclipseLogger - skip non existing resourceDirectory C:\Users\Usuario\eclipse-workspace\MLAPI\src\main\resources
2020-08-19 00:11:56,756 [Worker-20: Building workspace] WARN  o.e.m.c.i.embedder.EclipseLogger - Using platform encoding (Cp1252 actually) to copy filtered resources, i.e. build is platform dependent!
2020-08-19 00:11:56,768 [Worker-20: Building workspace] INFO  o.e.m.c.i.embedder.EclipseLogger - skip non existing resourceDirectory C:\Users\Usuario\eclipse-workspace\MLAPI\src\test\resources
2020-08-19 00:12:00,511 [Worker-15: Building workspace] WARN  o.e.m.c.i.embedder.EclipseLogger - Using platform encoding (Cp1252 actually) to copy filtered resources, i.e. build is platform dependent!
2020-08-19 00:12:00,534 [Worker-15: Building workspace] INFO  o.e.m.c.i.embedder.EclipseLogger - skip non existing resourceDirectory C:\Users\Usuario\eclipse-workspace\MLAPI\src\main\resources
2020-08-19 00:12:00,537 [Worker-15: Building workspace] WARN  o.e.m.c.i.embedder.EclipseLogger - Using platform encoding (Cp1252 actually) to copy filtered resources, i.e. build is platform dependent!
2020-08-19 00:12:00,559 [Worker-15: Building workspace] INFO  o.e.m.c.i.embedder.EclipseLogger - skip non existing resourceDirectory C:\Users\Usuario\eclipse-workspace\MLAPI\src\test\resources
2020-08-19 00:12:15,850 [Worker-18: Building workspace] WARN  o.e.m.c.i.embedder.EclipseLogger - Using platform encoding (Cp1252 actually) to copy filtered resources, i.e. build is platform dependent!
2020-08-19 00:12:15,874 [Worker-18: Building workspace] INFO  o.e.m.c.i.embedder.EclipseLogger - skip non existing resourceDirectory C:\Users\Usuario\eclipse-workspace\MLAPI\src\main\resources
2020-08-19 00:12:15,878 [Worker-18: Building workspace] WARN  o.e.m.c.i.embedder.EclipseLogger - Using platform encoding (Cp1252 actually) to copy filtered resources, i.e. build is platform dependent!
2020-08-19 00:12:15,901 [Worker-18: Building workspace] INFO  o.e.m.c.i.embedder.EclipseLogger - skip non existing resourceDirectory C:\Users\Usuario\eclipse-workspace\MLAPI\src\test\resources
2020-08-19 00:12:25,284 [Worker-23: Building workspace] WARN  o.e.m.c.i.embedder.EclipseLogger - Using platform encoding (Cp1252 actually) to copy filtered resources, i.e. build is platform dependent!
2020-08-19 00:12:25,319 [Worker-23: Building workspace] INFO  o.e.m.c.i.embedder.EclipseLogger - skip non existing resourceDirectory C:\Users\Usuario\eclipse-workspace\MLAPI\src\main\resources
2020-08-19 00:12:25,330 [Worker-23: Building workspace] WARN  o.e.m.c.i.embedder.EclipseLogger - Using platform encoding (Cp1252 actually) to copy filtered resources, i.e. build is platform dependent!
2020-08-19 00:12:25,345 [Worker-23: Building workspace] INFO  o.e.m.c.i.embedder.EclipseLogger - skip non existing resourceDirectory C:\Users\Usuario\eclipse-workspace\MLAPI\src\test\resources
2020-08-19 00:12:26,431 [Worker-17: Building workspace] WARN  o.e.m.c.i.embedder.EclipseLogger - Using platform encoding (Cp1252 actually) to copy filtered resources, i.e. build is platform dependent!
2020-08-19 00:12:26,442 [Worker-17: Building workspace] INFO  o.e.m.c.i.embedder.EclipseLogger - skip non existing resourceDirectory C:\Users\Usuario\eclipse-workspace\MLAPI\src\main\resources
2020-08-19 00:12:26,444 [Worker-17: Building workspace] WARN  o.e.m.c.i.embedder.EclipseLogger - Using platform encoding (Cp1252 actually) to copy filtered resources, i.e. build is platform dependent!
2020-08-19 00:12:26,462 [Worker-17: Building workspace] INFO  o.e.m.c.i.embedder.EclipseLogger - skip non existing resourceDirectory C:\Users\Usuario\eclipse-workspace\MLAPI\src\test\resources
2020-08-19 09:33:26,473 [Worker-0: Loading available Gradle versions] INFO  o.e.b.c.i.u.g.PublishedGradleVersions - Gradle version information cache is up-to-date. Trying to read.
2020-08-19 09:33:34,686 [Worker-1: Building workspace] WARN  o.e.m.c.i.embedder.EclipseLogger - Using platform encoding (Cp1252 actually) to copy filtered resources, i.e. build is platform dependent!
2020-08-19 09:33:34,748 [Worker-1: Building workspace] INFO  o.e.m.c.i.embedder.EclipseLogger - skip non existing resourceDirectory C:\Users\Usuario\eclipse-workspace\MLAPI\src\main\resources
2020-08-19 09:33:34,752 [Worker-1: Building workspace] WARN  o.e.m.c.i.embedder.EclipseLogger - Using platform encoding (Cp1252 actually) to copy filtered resources, i.e. build is platform dependent!
2020-08-19 09:33:34,772 [Worker-1: Building workspace] INFO  o.e.m.c.i.embedder.EclipseLogger - skip non existing resourceDirectory C:\Users\Usuario\eclipse-workspace\MLAPI\src\test\resources
2020-08-19 09:41:23,634 [Worker-4: Launching Main] WARN  o.e.m.c.i.embedder.EclipseLogger - Using platform encoding (Cp1252 actually) to copy filtered resources, i.e. build is platform dependent!
2020-08-19 09:41:23,644 [Worker-4: Launching Main] INFO  o.e.m.c.i.embedder.EclipseLogger - skip non existing resourceDirectory C:\Users\Usuario\eclipse-workspace\MLAPI\src\main\resources
2020-08-19 09:41:23,647 [Worker-4: Launching Main] WARN  o.e.m.c.i.embedder.EclipseLogger - Using platform encoding (Cp1252 actually) to copy filtered resources, i.e. build is platform dependent!
2020-08-19 09:41:23,656 [Worker-4: Launching Main] INFO  o.e.m.c.i.embedder.EclipseLogger - skip non existing resourceDirectory C:\Users\Usuario\eclipse-workspace\MLAPI\src\test\resources
2020-08-19 09:43:04,892 [Worker-4: Launching Main] WARN  o.e.m.c.i.embedder.EclipseLogger - Using platform encoding (Cp1252 actually) to copy filtered resources, i.e. build is platform dependent!
2020-08-19 09:43:04,909 [Worker-4: Launching Main] INFO  o.e.m.c.i.embedder.EclipseLogger - skip non existing resourceDirectory C:\Users\Usuario\eclipse-workspace\MLAPI\src\main\resources
2020-08-19 09:43:04,911 [Worker-4: Launching Main] WARN  o.e.m.c.i.embedder.EclipseLogger - Using platform encoding (Cp1252 actually) to copy filtered resources, i.e. build is platform dependent!
2020-08-19 09:43:04,924 [Worker-4: Launching Main] INFO  o.e.m.c.i.embedder.EclipseLogger - skip non existing resourceDirectory C:\Users\Usuario\eclipse-workspace\MLAPI\src\test\resources
2020-08-19 09:57:49,819 [Worker-13: Building workspace] WARN  o.e.m.c.i.embedder.EclipseLogger - Using platform encoding (Cp1252 actually) to copy filtered resources, i.e. build is platform dependent!
2020-08-19 09:57:49,830 [Worker-13: Building workspace] INFO  o.e.m.c.i.embedder.EclipseLogger - skip non existing resourceDirectory C:\Users\Usuario\eclipse-workspace\MLAPI\src\main\resources
2020-08-19 09:57:49,832 [Worker-13: Building workspace] WARN  o.e.m.c.i.embedder.EclipseLogger - Using platform encoding (Cp1252 actually) to copy filtered resources, i.e. build is platform dependent!
2020-08-19 09:57:49,873 [Worker-13: Building workspace] INFO  o.e.m.c.i.embedder.EclipseLogger - skip non existing resourceDirectory C:\Users\Usuario\eclipse-workspace\MLAPI\src\test\resources
2020-08-19 10:00:08,210 [Worker-15: Building workspace] WARN  o.e.m.c.i.embedder.EclipseLogger - Using platform encoding (Cp1252 actually) to copy filtered resources, i.e. build is platform dependent!
2020-08-19 10:00:08,230 [Worker-15: Building workspace] INFO  o.e.m.c.i.embedder.EclipseLogger - skip non existing resourceDirectory C:\Users\Usuario\eclipse-workspace\MLAPI\src\main\resources
2020-08-19 10:00:08,232 [Worker-15: Building workspace] WARN  o.e.m.c.i.embedder.EclipseLogger - Using platform encoding (Cp1252 actually) to copy filtered resources, i.e. build is platform dependent!
2020-08-19 10:00:08,278 [Worker-15: Building workspace] INFO  o.e.m.c.i.embedder.EclipseLogger - skip non existing resourceDirectory C:\Users\Usuario\eclipse-workspace\MLAPI\src\test\resources
2020-08-19 10:05:29,937 [Worker-12: Building workspace] WARN  o.e.m.c.i.embedder.EclipseLogger - Using platform encoding (Cp1252 actually) to copy filtered resources, i.e. build is platform dependent!
2020-08-19 10:05:29,993 [Worker-12: Building workspace] INFO  o.e.m.c.i.embedder.EclipseLogger - skip non existing resourceDirectory C:\Users\Usuario\eclipse-workspace\MLAPI\src\main\resources
2020-08-19 10:05:30,001 [Worker-12: Building workspace] WARN  o.e.m.c.i.embedder.EclipseLogger - Using platform encoding (Cp1252 actually) to copy filtered resources, i.e. build is platform dependent!
2020-08-19 10:05:30,015 [Worker-12: Building workspace] INFO  o.e.m.c.i.embedder.EclipseLogger - skip non existing resourceDirectory C:\Users\Usuario\eclipse-workspace\MLAPI\src\test\resources
2020-08-19 10:07:09,207 [Worker-14: Building workspace] WARN  o.e.m.c.i.embedder.EclipseLogger - Using platform encoding (Cp1252 actually) to copy filtered resources, i.e. build is platform dependent!
2020-08-19 10:07:09,217 [Worker-14: Building workspace] INFO  o.e.m.c.i.embedder.EclipseLogger - skip non existing resourceDirectory C:\Users\Usuario\eclipse-workspace\MLAPI\src\main\resources
2020-08-19 10:07:09,219 [Worker-14: Building workspace] WARN  o.e.m.c.i.embedder.EclipseLogger - Using platform encoding (Cp1252 actually) to copy filtered resources, i.e. build is platform dependent!
2020-08-19 10:07:09,235 [Worker-14: Building workspace] INFO  o.e.m.c.i.embedder.EclipseLogger - skip non existing resourceDirectory C:\Users\Usuario\eclipse-workspace\MLAPI\src\test\resources
